2025-09-27 19:19:31 +05:30: SyntaxError: Expected property name or '}' in JSON at position 2 (line 1 column 3)
2025-09-27 19:19:31 +05:30:     at JSON.parse (<anonymous>)
2025-09-27 19:19:31 +05:30:     at parse (C:\Users\krish\pc-builder\node_modules\body-parser\lib\types\json.js:92:19)
2025-09-27 19:19:31 +05:30:     at C:\Users\krish\pc-builder\node_modules\body-parser\lib\read.js:128:18
2025-09-27 19:19:31 +05:30:     at AsyncResource.runInAsyncScope (node:async_hooks:214:14)
2025-09-27 19:19:31 +05:30:     at invokeCallback (C:\Users\krish\pc-builder\node_modules\raw-body\index.js:238:16)
2025-09-27 19:19:31 +05:30:     at done (C:\Users\krish\pc-builder\node_modules\raw-body\index.js:227:7)
2025-09-27 19:19:31 +05:30:     at IncomingMessage.onEnd (C:\Users\krish\pc-builder\node_modules\raw-body\index.js:287:7)
2025-09-27 19:19:31 +05:30:     at IncomingMessage.emit (node:events:519:28)
2025-09-27 19:19:31 +05:30:     at endReadableNT (node:internal/streams/readable:1698:12)
2025-09-27 19:19:31 +05:30:     at process.processTicksAndRejections (node:internal/process/task_queues:90:21)
2025-09-27 19:19:42 +05:30: SyntaxError: Expected property name or '}' in JSON at position 2 (line 1 column 3)
2025-09-27 19:19:42 +05:30:     at JSON.parse (<anonymous>)
2025-09-27 19:19:42 +05:30:     at parse (C:\Users\krish\pc-builder\node_modules\body-parser\lib\types\json.js:92:19)
2025-09-27 19:19:42 +05:30:     at C:\Users\krish\pc-builder\node_modules\body-parser\lib\read.js:128:18
2025-09-27 19:19:42 +05:30:     at AsyncResource.runInAsyncScope (node:async_hooks:214:14)
2025-09-27 19:19:42 +05:30:     at invokeCallback (C:\Users\krish\pc-builder\node_modules\raw-body\index.js:238:16)
2025-09-27 19:19:42 +05:30:     at done (C:\Users\krish\pc-builder\node_modules\raw-body\index.js:227:7)
2025-09-27 19:19:42 +05:30:     at IncomingMessage.onEnd (C:\Users\krish\pc-builder\node_modules\raw-body\index.js:287:7)
2025-09-27 19:19:42 +05:30:     at IncomingMessage.emit (node:events:519:28)
2025-09-27 19:19:42 +05:30:     at endReadableNT (node:internal/streams/readable:1698:12)
2025-09-27 19:19:42 +05:30:     at process.processTicksAndRejections (node:internal/process/task_queues:90:21)
2025-09-27 19:19:51 +05:30: SyntaxError: Expected property name or '}' in JSON at position 2 (line 1 column 3)
2025-09-27 19:19:51 +05:30:     at JSON.parse (<anonymous>)
2025-09-27 19:19:51 +05:30:     at parse (C:\Users\krish\pc-builder\node_modules\body-parser\lib\types\json.js:92:19)
2025-09-27 19:19:51 +05:30:     at C:\Users\krish\pc-builder\node_modules\body-parser\lib\read.js:128:18
2025-09-27 19:19:51 +05:30:     at AsyncResource.runInAsyncScope (node:async_hooks:214:14)
2025-09-27 19:19:51 +05:30:     at invokeCallback (C:\Users\krish\pc-builder\node_modules\raw-body\index.js:238:16)
2025-09-27 19:19:51 +05:30:     at done (C:\Users\krish\pc-builder\node_modules\raw-body\index.js:227:7)
2025-09-27 19:19:51 +05:30:     at IncomingMessage.onEnd (C:\Users\krish\pc-builder\node_modules\raw-body\index.js:287:7)
2025-09-27 19:19:51 +05:30:     at IncomingMessage.emit (node:events:519:28)
2025-09-27 19:19:51 +05:30:     at endReadableNT (node:internal/streams/readable:1698:12)
2025-09-27 19:19:51 +05:30:     at process.processTicksAndRejections (node:internal/process/task_queues:90:21)
