2025-09-26 13:13:10 +05:30: [dotenv@17.2.2] injecting env (4) from .env -- tip: ⚙️  load multiple .env files with { path: ['.env.local', '.env'] }
2025-09-26 13:13:10 +05:30: Database schema initialized successfully
2025-09-26 13:13:10 +05:30: PC Builder server running at http://localhost:3001
2025-09-26 13:22:31 +05:30: [dotenv@17.2.2] injecting env (4) from .env -- tip: ⚙️  write to custom object with { processEnv: myObject }
2025-09-26 13:22:31 +05:30: Database schema initialized successfully
2025-09-26 13:22:31 +05:30: PC Builder server running at http://localhost:3001
2025-09-26 13:25:24 +05:30: [dotenv@17.2.2] injecting env (4) from .env -- tip: 🛠️  run anywhere with `dotenvx run -- yourcommand`
2025-09-26 13:25:24 +05:30: Database schema initialized successfully
2025-09-26 13:25:24 +05:30: PC Builder server running at http://localhost:3001
2025-09-26 13:29:21 +05:30: [dotenv@17.2.2] injecting env (4) from .env -- tip: ⚙️  suppress all logs with { quiet: true }
2025-09-26 13:29:21 +05:30: Database schema initialized successfully
2025-09-26 13:29:21 +05:30: PC Builder server running at http://localhost:3001
2025-09-26 13:36:16 +05:30: [dotenv@17.2.2] injecting env (4) from .env -- tip: ⚙️  write to custom object with { processEnv: myObject }
2025-09-26 13:36:17 +05:30: Database schema initialized successfully
2025-09-26 13:36:17 +05:30: PC Builder server running at http://localhost:3001
2025-09-26 14:43:08 +05:30: [dotenv@17.2.2] injecting env (4) from .env -- tip: ⚙️  enable debug logging with { debug: true }
2025-09-26 14:43:09 +05:30: Database schema initialized successfully
2025-09-26 14:43:09 +05:30: PC Builder server running at http://localhost:3001
2025-09-26 14:45:50 +05:30: [dotenv@17.2.2] injecting env (4) from .env -- tip: ⚙️  write to custom object with { processEnv: myObject }
2025-09-26 14:45:51 +05:30: Database schema initialized successfully
2025-09-26 14:45:51 +05:30: PC Builder server running at http://localhost:3001
2025-09-27 19:09:26 +05:30: [dotenv@17.2.2] injecting env (4) from .env -- tip: 📡 auto-backup env with Radar: https://dotenvx.com/radar
2025-09-27 19:09:26 +05:30: Database schema initialized successfully
2025-09-27 19:09:26 +05:30: PC Builder server running at http://localhost:3001
2025-09-27 19:15:04 +05:30: [dotenv@17.2.2] injecting env (4) from .env -- tip: 🔐 prevent building .env in docker: https://dotenvx.com/prebuild
2025-09-27 19:15:04 +05:30: Database schema initialized successfully
2025-09-27 19:15:04 +05:30: PC Builder server running at http://localhost:3001
2025-09-27 19:25:14 +05:30: [dotenv@17.2.2] injecting env (4) from .env -- tip: ⚙️  suppress all logs with { quiet: true }
2025-09-27 19:25:15 +05:30: Database schema initialized successfully
2025-09-27 19:25:15 +05:30: PC Builder server running at http://localhost:3001
2025-09-27 19:30:18 +05:30: [dotenv@17.2.2] injecting env (4) from .env -- tip: 🔐 encrypt with Dotenvx: https://dotenvx.com
2025-09-27 19:30:19 +05:30: Database schema initialized successfully
2025-09-27 19:30:19 +05:30: PC Builder server running at http://localhost:3001
